Start testing: Jun 07 13:50 CST
----------------------------------------------------------
1/1 Testing: ExampleTests
1/1 Test: ExampleTests
Command: "/home/hedmon/Desktop/TDD/Test/build/test/ExampleTests"
Directory: /home/hedmon/Desktop/TDD/Test/build/test
"ExampleTests" start time: Jun 07 13:50 CST
Output:
----------------------------------------------------------
Running main() from /home/hedmon/Desktop/TDD/Test/googletest/googletest/src/gtest_main.cc
[==========] Running 1 test from 1 test suite.
[----------] Global test environment set-up.
[----------] 1 test from ExampleTests
[ RUN      ] ExampleTests.MAC
/home/hedmon/Desktop/TDD/Test/test/ExampleTests.cpp:24: Failure
Expected equality of these values:
  expectedNewSum
    Which is: 772
  sum
    Which is: 100
[  FAILED  ] ExampleTests.MAC (0 ms)
[----------] 1 test from ExampleTests (0 ms total)

[----------] Global test environment tear-down
[==========] 1 test from 1 test suite ran. (0 ms total)
[  PASSED  ] 0 tests.
[  FAILED  ] 1 test, listed below:
[  FAILED  ] ExampleTests.MAC

 1 FAILED TEST
<end of output>
Test time =   0.01 sec
----------------------------------------------------------
Test Failed.
"ExampleTests" end time: Jun 07 13:50 CST
"ExampleTests" time elapsed: 00:00:00
----------------------------------------------------------

End testing: Jun 07 13:50 CST
