Start testing: Jun 02 17:12 CST
----------------------------------------------------------
1/1 Testing: ExampleTests
1/1 Test: ExampleTests
Command: "/home/hedmon/Desktop/TDD/Test/build/test/ExampleTests"
Directory: /home/hedmon/Desktop/TDD/Test/build/test
"ExampleTests" start time: Jun 02 17:12 CST
Output:
----------------------------------------------------------
Running main() from /home/hedmon/Desktop/TDD/Test/googletest/googletest/src/gtest_main.cc
[==========] Running 1 test from 1 test suite.
[----------] Global test environment set-up.
[----------] 1 test from ExampleTests
[ RUN      ] ExampleTests.DemonstrateGTestMacros
[       OK ] ExampleTests.DemonstrateGTestMacros (0 ms)
[----------] 1 test from ExampleTests (0 ms total)

[----------] Global test environment tear-down
[==========] 1 test from 1 test suite ran. (0 ms total)
[  PASSED  ] 1 test.
<end of output>
Test time =   0.00 sec
----------------------------------------------------------
Test Passed.
"ExampleTests" end time: Jun 02 17:12 CST
"ExampleTests" time elapsed: 00:00:00
----------------------------------------------------------

End testing: Jun 02 17:12 CST
